D:\STUDY\(1) Учёба\БарГУ Инж.Фак\Объектно-ориентированное программирование\PROJECTS\COURSEPROJECT(2)\COURSEPROJECT(2)\DEBUG\.NETFRAMEWORK,VERSION=V4.5.ASSEMBLYATTRIBUTES.OBJ
D:\STUDY\(1) УЧЁБА\БАРГУ ИНЖ.ФАК\ОБЪЕКТНО-ОРИЕНТИРОВАННОЕ ПРОГРАММИРОВАНИЕ\PROJECTS\COURSEPROJECT(2)\COURSEPROJECT(2)\DEBUG\VC110.PDB
D:\STUDY\(1) Учёба\БарГУ Инж.Фак\Объектно-ориентированное программирование\PROJECTS\COURSEPROJECT(2)\COURSEPROJECT(2)\DEBUG\PERSON.OBJ
D:\STUDY\(1) Учёба\БарГУ Инж.Фак\Объектно-ориентированное программирование\PROJECTS\COURSEPROJECT(2)\COURSEPROJECT(2)\DEBUG\MAINFORM.OBJ
D:\STUDY\(1) Учёба\БарГУ Инж.Фак\Объектно-ориентированное программирование\PROJECTS\COURSEPROJECT(2)\COURSEPROJECT(2)\DEBUG\CREDIT.OBJ
D:\STUDY\(1) Учёба\БарГУ Инж.Фак\Объектно-ориентированное программирование\PROJECTS\COURSEPROJECT(2)\COURSEPROJECT(2)\DEBUG\DEPOSIT.OBJ
D:\STUDY\(1) Учёба\БарГУ Инж.Фак\Объектно-ориентированное программирование\PROJECTS\COURSEPROJECT(2)\COURSEPROJECT(2)\DEBUG\CARD.OBJ
D:\STUDY\(1) Учёба\БарГУ Инж.Фак\Объектно-ориентированное программирование\PROJECTS\COURSEPROJECT(2)\COURSEPROJECT(2)\DEBUG\BASEOPERATION.OBJ
D:\study\(1) Учёба\БарГУ Инж.Фак\Объектно-ориентированное программирование\projects\CourseProject(2)\CourseProject(2)\Debug\CourseProject2.MainForm.resources
D:\STUDY\(1) Учёба\БарГУ Инж.Фак\Объектно-ориентированное программирование\PROJECTS\COURSEPROJECT(2)\DEBUG\COURSEPROJECT(2).ILK
D:\STUDY\(1) Учёба\БарГУ Инж.Фак\Объектно-ориентированное программирование\PROJECTS\COURSEPROJECT(2)\DEBUG\COURSEPROJECT(2).EXE
D:\STUDY\(1) УЧЁБА\БАРГУ ИНЖ.ФАК\ОБЪЕКТНО-ОРИЕНТИРОВАННОЕ ПРОГРАММИРОВАНИЕ\PROJECTS\COURSEPROJECT(2)\DEBUG\COURSEPROJECT(2).PDB
D:\STUDY\(1) УЧЁБА\БАРГУ ИНЖ.ФАК\ОБЪЕКТНО-ОРИЕНТИРОВАННОЕ ПРОГРАММИРОВАНИЕ\PROJECTS\COURSEPROJECT(2)\COURSEPROJECT(2)\DEBUG\METAGEN.WRITE.1.TLOG
D:\study\(1) Учёба\БарГУ Инж.Фак\Объектно-ориентированное программирование\projects\CourseProject(2)\CourseProject(2)\Debug\CourseProject(2).vcxproj.GenerateResource.Cache
D:\study\(1) Учёба\БарГУ Инж.Фак\Объектно-ориентированное программирование\projects\CourseProject(2)\CourseProject(2)\Debug\CourseProject(2).vcxprojResolveAssemblyReference.cache
D:\study\(1) Учёба\БарГУ Инж.Фак\Объектно-ориентированное программирование\projects\CourseProject(2)\CourseProject(2)\Debug\.NETFramework,Version=v4.5.AssemblyAttributes.obj
D:\study\(1) Учёба\БарГУ Инж.Фак\Объектно-ориентированное программирование\projects\CourseProject(2)\CourseProject(2)\Debug\BaseOperation.obj
D:\study\(1) Учёба\БарГУ Инж.Фак\Объектно-ориентированное программирование\projects\CourseProject(2)\CourseProject(2)\Debug\Card.obj
D:\study\(1) Учёба\БарГУ Инж.Фак\Объектно-ориентированное программирование\projects\CourseProject(2)\CourseProject(2)\Debug\Credit.obj
D:\study\(1) Учёба\БарГУ Инж.Фак\Объектно-ориентированное программирование\projects\CourseProject(2)\CourseProject(2)\Debug\Deposit.obj
D:\study\(1) Учёба\БарГУ Инж.Фак\Объектно-ориентированное программирование\projects\CourseProject(2)\CourseProject(2)\Debug\MainForm.obj
D:\study\(1) Учёба\БарГУ Инж.Фак\Объектно-ориентированное программирование\projects\CourseProject(2)\CourseProject(2)\Debug\Person.obj
D:\study\(1) Учёба\БарГУ Инж.Фак\Объектно-ориентированное программирование\projects\CourseProject(2)\CourseProject(2)\Debug\cl.command.1.tlog
D:\study\(1) Учёба\БарГУ Инж.Фак\Объектно-ориентированное программирование\projects\CourseProject(2)\CourseProject(2)\Debug\CL.read.1.tlog
D:\study\(1) Учёба\БарГУ Инж.Фак\Объектно-ориентированное программирование\projects\CourseProject(2)\CourseProject(2)\Debug\CL.write.1.tlog
D:\study\(1) Учёба\БарГУ Инж.Фак\Объектно-ориентированное программирование\projects\CourseProject(2)\CourseProject(2)\Debug\CourseProject(2).write.1.tlog
D:\study\(1) Учёба\БарГУ Инж.Фак\Объектно-ориентированное программирование\projects\CourseProject(2)\CourseProject(2)\Debug\link.1224-cvtres.read.1.tlog
D:\study\(1) Учёба\БарГУ Инж.Фак\Объектно-ориентированное программирование\projects\CourseProject(2)\CourseProject(2)\Debug\link.1224-cvtres.write.1.tlog
D:\study\(1) Учёба\БарГУ Инж.Фак\Объектно-ориентированное программирование\projects\CourseProject(2)\CourseProject(2)\Debug\link.1224-rc.read.1.tlog
D:\study\(1) Учёба\БарГУ Инж.Фак\Объектно-ориентированное программирование\projects\CourseProject(2)\CourseProject(2)\Debug\link.1224-rc.write.1.tlog
D:\study\(1) Учёба\БарГУ Инж.Фак\Объектно-ориентированное программирование\projects\CourseProject(2)\CourseProject(2)\Debug\link.1224.read.1.tlog
D:\study\(1) Учёба\БарГУ Инж.Фак\Объектно-ориентированное программирование\projects\CourseProject(2)\CourseProject(2)\Debug\link.1224.write.1.tlog
D:\study\(1) Учёба\БарГУ Инж.Фак\Объектно-ориентированное программирование\projects\CourseProject(2)\CourseProject(2)\Debug\link.1580-cvtres.read.1.tlog
D:\study\(1) Учёба\БарГУ Инж.Фак\Объектно-ориентированное программирование\projects\CourseProject(2)\CourseProject(2)\Debug\link.1580-cvtres.write.1.tlog
D:\study\(1) Учёба\БарГУ Инж.Фак\Объектно-ориентированное программирование\projects\CourseProject(2)\CourseProject(2)\Debug\link.1580-rc.read.1.tlog
D:\study\(1) Учёба\БарГУ Инж.Фак\Объектно-ориентированное программирование\projects\CourseProject(2)\CourseProject(2)\Debug\link.1580-rc.write.1.tlog
D:\study\(1) Учёба\БарГУ Инж.Фак\Объектно-ориентированное программирование\projects\CourseProject(2)\CourseProject(2)\Debug\link.1580.read.1.tlog
D:\study\(1) Учёба\БарГУ Инж.Фак\Объектно-ориентированное программирование\projects\CourseProject(2)\CourseProject(2)\Debug\link.1580.write.1.tlog
D:\study\(1) Учёба\БарГУ Инж.Фак\Объектно-ориентированное программирование\projects\CourseProject(2)\CourseProject(2)\Debug\link.1620-cvtres.read.1.tlog
D:\study\(1) Учёба\БарГУ Инж.Фак\Объектно-ориентированное программирование\projects\CourseProject(2)\CourseProject(2)\Debug\link.1620-cvtres.write.1.tlog
D:\study\(1) Учёба\БарГУ Инж.Фак\Объектно-ориентированное программирование\projects\CourseProject(2)\CourseProject(2)\Debug\link.1620-rc.read.1.tlog
D:\study\(1) Учёба\БарГУ Инж.Фак\Объектно-ориентированное программирование\projects\CourseProject(2)\CourseProject(2)\Debug\link.1620-rc.write.1.tlog
D:\study\(1) Учёба\БарГУ Инж.Фак\Объектно-ориентированное программирование\projects\CourseProject(2)\CourseProject(2)\Debug\link.1620.read.1.tlog
D:\study\(1) Учёба\БарГУ Инж.Фак\Объектно-ориентированное программирование\projects\CourseProject(2)\CourseProject(2)\Debug\link.1620.write.1.tlog
D:\study\(1) Учёба\БарГУ Инж.Фак\Объектно-ориентированное программирование\projects\CourseProject(2)\CourseProject(2)\Debug\link.1716-cvtres.read.1.tlog
D:\study\(1) Учёба\БарГУ Инж.Фак\Объектно-ориентированное программирование\projects\CourseProject(2)\CourseProject(2)\Debug\link.1716-cvtres.write.1.tlog
D:\study\(1) Учёба\БарГУ Инж.Фак\Объектно-ориентированное программирование\projects\CourseProject(2)\CourseProject(2)\Debug\link.1716-rc.read.1.tlog
D:\study\(1) Учёба\БарГУ Инж.Фак\Объектно-ориентированное программирование\projects\CourseProject(2)\CourseProject(2)\Debug\link.1716-rc.write.1.tlog
D:\study\(1) Учёба\БарГУ Инж.Фак\Объектно-ориентированное программирование\projects\CourseProject(2)\CourseProject(2)\Debug\link.1716.read.1.tlog
D:\study\(1) Учёба\БарГУ Инж.Фак\Объектно-ориентированное программирование\projects\CourseProject(2)\CourseProject(2)\Debug\link.1716.write.1.tlog
D:\study\(1) Учёба\БарГУ Инж.Фак\Объектно-ориентированное программирование\projects\CourseProject(2)\CourseProject(2)\Debug\link.1928-cvtres.read.1.tlog
D:\study\(1) Учёба\БарГУ Инж.Фак\Объектно-ориентированное программирование\projects\CourseProject(2)\CourseProject(2)\Debug\link.1928-cvtres.write.1.tlog
D:\study\(1) Учёба\БарГУ Инж.Фак\Объектно-ориентированное программирование\projects\CourseProject(2)\CourseProject(2)\Debug\link.1928-rc.read.1.tlog
D:\study\(1) Учёба\БарГУ Инж.Фак\Объектно-ориентированное программирование\projects\CourseProject(2)\CourseProject(2)\Debug\link.1928-rc.write.1.tlog
D:\study\(1) Учёба\БарГУ Инж.Фак\Объектно-ориентированное программирование\projects\CourseProject(2)\CourseProject(2)\Debug\link.1928.read.1.tlog
D:\study\(1) Учёба\БарГУ Инж.Фак\Объектно-ориентированное программирование\projects\CourseProject(2)\CourseProject(2)\Debug\link.1928.write.1.tlog
D:\study\(1) Учёба\БарГУ Инж.Фак\Объектно-ориентированное программирование\projects\CourseProject(2)\CourseProject(2)\Debug\link.2096-cvtres.read.1.tlog
D:\study\(1) Учёба\БарГУ Инж.Фак\Объектно-ориентированное программирование\projects\CourseProject(2)\CourseProject(2)\Debug\link.2096-cvtres.write.1.tlog
D:\study\(1) Учёба\БарГУ Инж.Фак\Объектно-ориентированное программирование\projects\CourseProject(2)\CourseProject(2)\Debug\link.2096-rc.read.1.tlog
D:\study\(1) Учёба\БарГУ Инж.Фак\Объектно-ориентированное программирование\projects\CourseProject(2)\CourseProject(2)\Debug\link.2096-rc.write.1.tlog
D:\study\(1) Учёба\БарГУ Инж.Фак\Объектно-ориентированное программирование\projects\CourseProject(2)\CourseProject(2)\Debug\link.2096.read.1.tlog
D:\study\(1) Учёба\БарГУ Инж.Фак\Объектно-ориентированное программирование\projects\CourseProject(2)\CourseProject(2)\Debug\link.2096.write.1.tlog
D:\study\(1) Учёба\БарГУ Инж.Фак\Объектно-ориентированное программирование\projects\CourseProject(2)\CourseProject(2)\Debug\link.216-cvtres.read.1.tlog
D:\study\(1) Учёба\БарГУ Инж.Фак\Объектно-ориентированное программирование\projects\CourseProject(2)\CourseProject(2)\Debug\link.216-cvtres.write.1.tlog
D:\study\(1) Учёба\БарГУ Инж.Фак\Объектно-ориентированное программирование\projects\CourseProject(2)\CourseProject(2)\Debug\link.216-rc.read.1.tlog
D:\study\(1) Учёба\БарГУ Инж.Фак\Объектно-ориентированное программирование\projects\CourseProject(2)\CourseProject(2)\Debug\link.216-rc.write.1.tlog
D:\study\(1) Учёба\БарГУ Инж.Фак\Объектно-ориентированное программирование\projects\CourseProject(2)\CourseProject(2)\Debug\link.216.read.1.tlog
D:\study\(1) Учёба\БарГУ Инж.Фак\Объектно-ориентированное программирование\projects\CourseProject(2)\CourseProject(2)\Debug\link.216.write.1.tlog
D:\study\(1) Учёба\БарГУ Инж.Фак\Объектно-ориентированное программирование\projects\CourseProject(2)\CourseProject(2)\Debug\link.3196-cvtres.read.1.tlog
D:\study\(1) Учёба\БарГУ Инж.Фак\Объектно-ориентированное программирование\projects\CourseProject(2)\CourseProject(2)\Debug\link.3196-cvtres.write.1.tlog
D:\study\(1) Учёба\БарГУ Инж.Фак\Объектно-ориентированное программирование\projects\CourseProject(2)\CourseProject(2)\Debug\link.3196-rc.read.1.tlog
D:\study\(1) Учёба\БарГУ Инж.Фак\Объектно-ориентированное программирование\projects\CourseProject(2)\CourseProject(2)\Debug\link.3196-rc.write.1.tlog
D:\study\(1) Учёба\БарГУ Инж.Фак\Объектно-ориентированное программирование\projects\CourseProject(2)\CourseProject(2)\Debug\link.3196.read.1.tlog
D:\study\(1) Учёба\БарГУ Инж.Фак\Объектно-ориентированное программирование\projects\CourseProject(2)\CourseProject(2)\Debug\link.3196.write.1.tlog
D:\study\(1) Учёба\БарГУ Инж.Фак\Объектно-ориентированное программирование\projects\CourseProject(2)\CourseProject(2)\Debug\link.4040-cvtres.read.1.tlog
D:\study\(1) Учёба\БарГУ Инж.Фак\Объектно-ориентированное программирование\projects\CourseProject(2)\CourseProject(2)\Debug\link.4040-cvtres.write.1.tlog
D:\study\(1) Учёба\БарГУ Инж.Фак\Объектно-ориентированное программирование\projects\CourseProject(2)\CourseProject(2)\Debug\link.4040-rc.read.1.tlog
D:\study\(1) Учёба\БарГУ Инж.Фак\Объектно-ориентированное программирование\projects\CourseProject(2)\CourseProject(2)\Debug\link.4040-rc.write.1.tlog
D:\study\(1) Учёба\БарГУ Инж.Фак\Объектно-ориентированное программирование\projects\CourseProject(2)\CourseProject(2)\Debug\link.4040.read.1.tlog
D:\study\(1) Учёба\БарГУ Инж.Фак\Объектно-ориентированное программирование\projects\CourseProject(2)\CourseProject(2)\Debug\link.4040.write.1.tlog
D:\study\(1) Учёба\БарГУ Инж.Фак\Объектно-ориентированное программирование\projects\CourseProject(2)\CourseProject(2)\Debug\link.4188-cvtres.read.1.tlog
D:\study\(1) Учёба\БарГУ Инж.Фак\Объектно-ориентированное программирование\projects\CourseProject(2)\CourseProject(2)\Debug\link.4188-cvtres.write.1.tlog
D:\study\(1) Учёба\БарГУ Инж.Фак\Объектно-ориентированное программирование\projects\CourseProject(2)\CourseProject(2)\Debug\link.4188-rc.read.1.tlog
D:\study\(1) Учёба\БарГУ Инж.Фак\Объектно-ориентированное программирование\projects\CourseProject(2)\CourseProject(2)\Debug\link.4188-rc.write.1.tlog
D:\study\(1) Учёба\БарГУ Инж.Фак\Объектно-ориентированное программирование\projects\CourseProject(2)\CourseProject(2)\Debug\link.4188.read.1.tlog
D:\study\(1) Учёба\БарГУ Инж.Фак\Объектно-ориентированное программирование\projects\CourseProject(2)\CourseProject(2)\Debug\link.4188.write.1.tlog
D:\study\(1) Учёба\БарГУ Инж.Фак\Объектно-ориентированное программирование\projects\CourseProject(2)\CourseProject(2)\Debug\link.4628-cvtres.read.1.tlog
D:\study\(1) Учёба\БарГУ Инж.Фак\Объектно-ориентированное программирование\projects\CourseProject(2)\CourseProject(2)\Debug\link.4628-cvtres.write.1.tlog
D:\study\(1) Учёба\БарГУ Инж.Фак\Объектно-ориентированное программирование\projects\CourseProject(2)\CourseProject(2)\Debug\link.4628-rc.read.1.tlog
D:\study\(1) Учёба\БарГУ Инж.Фак\Объектно-ориентированное программирование\projects\CourseProject(2)\CourseProject(2)\Debug\link.4628-rc.write.1.tlog
D:\study\(1) Учёба\БарГУ Инж.Фак\Объектно-ориентированное программирование\projects\CourseProject(2)\CourseProject(2)\Debug\link.4628.read.1.tlog
D:\study\(1) Учёба\БарГУ Инж.Фак\Объектно-ориентированное программирование\projects\CourseProject(2)\CourseProject(2)\Debug\link.4628.write.1.tlog
D:\study\(1) Учёба\БарГУ Инж.Фак\Объектно-ориентированное программирование\projects\CourseProject(2)\CourseProject(2)\Debug\link.5208-cvtres.read.1.tlog
D:\study\(1) Учёба\БарГУ Инж.Фак\Объектно-ориентированное программирование\projects\CourseProject(2)\CourseProject(2)\Debug\link.5208-cvtres.write.1.tlog
D:\study\(1) Учёба\БарГУ Инж.Фак\Объектно-ориентированное программирование\projects\CourseProject(2)\CourseProject(2)\Debug\link.5208-rc.read.1.tlog
D:\study\(1) Учёба\БарГУ Инж.Фак\Объектно-ориентированное программирование\projects\CourseProject(2)\CourseProject(2)\Debug\link.5208-rc.write.1.tlog
D:\study\(1) Учёба\БарГУ Инж.Фак\Объектно-ориентированное программирование\projects\CourseProject(2)\CourseProject(2)\Debug\link.5208.read.1.tlog
D:\study\(1) Учёба\БарГУ Инж.Фак\Объектно-ориентированное программирование\projects\CourseProject(2)\CourseProject(2)\Debug\link.5208.write.1.tlog
D:\study\(1) Учёба\БарГУ Инж.Фак\Объектно-ориентированное программирование\projects\CourseProject(2)\CourseProject(2)\Debug\link.5256-cvtres.read.1.tlog
D:\study\(1) Учёба\БарГУ Инж.Фак\Объектно-ориентированное программирование\projects\CourseProject(2)\CourseProject(2)\Debug\link.5256-cvtres.write.1.tlog
D:\study\(1) Учёба\БарГУ Инж.Фак\Объектно-ориентированное программирование\projects\CourseProject(2)\CourseProject(2)\Debug\link.5256-rc.read.1.tlog
D:\study\(1) Учёба\БарГУ Инж.Фак\Объектно-ориентированное программирование\projects\CourseProject(2)\CourseProject(2)\Debug\link.5256-rc.write.1.tlog
D:\study\(1) Учёба\БарГУ Инж.Фак\Объектно-ориентированное программирование\projects\CourseProject(2)\CourseProject(2)\Debug\link.5256.read.1.tlog
D:\study\(1) Учёба\БарГУ Инж.Фак\Объектно-ориентированное программирование\projects\CourseProject(2)\CourseProject(2)\Debug\link.5256.write.1.tlog
D:\study\(1) Учёба\БарГУ Инж.Фак\Объектно-ориентированное программирование\projects\CourseProject(2)\CourseProject(2)\Debug\link.5276-cvtres.read.1.tlog
D:\study\(1) Учёба\БарГУ Инж.Фак\Объектно-ориентированное программирование\projects\CourseProject(2)\CourseProject(2)\Debug\link.5276-cvtres.write.1.tlog
D:\study\(1) Учёба\БарГУ Инж.Фак\Объектно-ориентированное программирование\projects\CourseProject(2)\CourseProject(2)\Debug\link.5276-rc.read.1.tlog
D:\study\(1) Учёба\БарГУ Инж.Фак\Объектно-ориентированное программирование\projects\CourseProject(2)\CourseProject(2)\Debug\link.5276-rc.write.1.tlog
D:\study\(1) Учёба\БарГУ Инж.Фак\Объектно-ориентированное программирование\projects\CourseProject(2)\CourseProject(2)\Debug\link.5276.read.1.tlog
D:\study\(1) Учёба\БарГУ Инж.Фак\Объектно-ориентированное программирование\projects\CourseProject(2)\CourseProject(2)\Debug\link.5276.write.1.tlog
D:\study\(1) Учёба\БарГУ Инж.Фак\Объектно-ориентированное программирование\projects\CourseProject(2)\CourseProject(2)\Debug\link.6020-cvtres.read.1.tlog
D:\study\(1) Учёба\БарГУ Инж.Фак\Объектно-ориентированное программирование\projects\CourseProject(2)\CourseProject(2)\Debug\link.6020-cvtres.write.1.tlog
D:\study\(1) Учёба\БарГУ Инж.Фак\Объектно-ориентированное программирование\projects\CourseProject(2)\CourseProject(2)\Debug\link.6020-rc.read.1.tlog
D:\study\(1) Учёба\БарГУ Инж.Фак\Объектно-ориентированное программирование\projects\CourseProject(2)\CourseProject(2)\Debug\link.6020-rc.write.1.tlog
D:\study\(1) Учёба\БарГУ Инж.Фак\Объектно-ориентированное программирование\projects\CourseProject(2)\CourseProject(2)\Debug\link.6020.read.1.tlog
D:\study\(1) Учёба\БарГУ Инж.Фак\Объектно-ориентированное программирование\projects\CourseProject(2)\CourseProject(2)\Debug\link.6020.write.1.tlog
D:\study\(1) Учёба\БарГУ Инж.Фак\Объектно-ориентированное программирование\projects\CourseProject(2)\CourseProject(2)\Debug\link.7268-cvtres.read.1.tlog
D:\study\(1) Учёба\БарГУ Инж.Фак\Объектно-ориентированное программирование\projects\CourseProject(2)\CourseProject(2)\Debug\link.7268-cvtres.write.1.tlog
D:\study\(1) Учёба\БарГУ Инж.Фак\Объектно-ориентированное программирование\projects\CourseProject(2)\CourseProject(2)\Debug\link.7268-rc.read.1.tlog
D:\study\(1) Учёба\БарГУ Инж.Фак\Объектно-ориентированное программирование\projects\CourseProject(2)\CourseProject(2)\Debug\link.7268-rc.write.1.tlog
D:\study\(1) Учёба\БарГУ Инж.Фак\Объектно-ориентированное программирование\projects\CourseProject(2)\CourseProject(2)\Debug\link.7268.read.1.tlog
D:\study\(1) Учёба\БарГУ Инж.Фак\Объектно-ориентированное программирование\projects\CourseProject(2)\CourseProject(2)\Debug\link.7268.write.1.tlog
D:\study\(1) Учёба\БарГУ Инж.Фак\Объектно-ориентированное программирование\projects\CourseProject(2)\CourseProject(2)\Debug\link.932-cvtres.read.1.tlog
D:\study\(1) Учёба\БарГУ Инж.Фак\Объектно-ориентированное программирование\projects\CourseProject(2)\CourseProject(2)\Debug\link.932-cvtres.write.1.tlog
D:\study\(1) Учёба\БарГУ Инж.Фак\Объектно-ориентированное программирование\projects\CourseProject(2)\CourseProject(2)\Debug\link.932-rc.read.1.tlog
D:\study\(1) Учёба\БарГУ Инж.Фак\Объектно-ориентированное программирование\projects\CourseProject(2)\CourseProject(2)\Debug\link.932-rc.write.1.tlog
D:\study\(1) Учёба\БарГУ Инж.Фак\Объектно-ориентированное программирование\projects\CourseProject(2)\CourseProject(2)\Debug\link.932.read.1.tlog
D:\study\(1) Учёба\БарГУ Инж.Фак\Объектно-ориентированное программирование\projects\CourseProject(2)\CourseProject(2)\Debug\link.932.write.1.tlog
D:\study\(1) Учёба\БарГУ Инж.Фак\Объектно-ориентированное программирование\projects\CourseProject(2)\CourseProject(2)\Debug\link.command.1.tlog
D:\study\(1) Учёба\БарГУ Инж.Фак\Объектно-ориентированное программирование\projects\CourseProject(2)\CourseProject(2)\Debug\link.read.1.tlog
D:\study\(1) Учёба\БарГУ Инж.Фак\Объектно-ориентированное программирование\projects\CourseProject(2)\CourseProject(2)\Debug\link.write.1.tlog
D:\study\(1) Учёба\БарГУ Инж.Фак\Объектно-ориентированное программирование\projects\CourseProject(2)\CourseProject(2)\Debug\metagen.read.1.tlog
D:\study\(1) Учёба\БарГУ Инж.Фак\Объектно-ориентированное программирование\projects\CourseProject(2)\CourseProject(2)\Debug\metagen.write.1.tlog
D:\study\(1) Учёба\БарГУ Инж.Фак\Объектно-ориентированное программирование\projects\CourseProject(2)\CourseProject(2)\Debug\vc110.pdb
D:\study\(1) Учёба\БарГУ Инж.Фак\Объектно-ориентированное программирование\projects\CourseProject(2)\CourseProject(2)\Debug\SYSTEM.DATA.SQLITE.DLL.metagen
D:\study\(1) Учёба\БарГУ Инж.Фак\Объектно-ориентированное программирование\projects\CourseProject(2)\CourseProject(2)\Debug\RSAENH.DLL.bi
D:\study\(1) Учёба\БарГУ Инж.Фак\Объектно-ориентированное программирование\projects\CourseProject(2)\CourseProject(2)\Debug\TZRES.DLL.bi
D:\study\(1) Учёба\БарГУ Инж.Фак\Объектно-ориентированное программирование\projects\CourseProject(2)\Debug\CourseProject(2).pdb
D:\study\(1) Учёба\БарГУ Инж.Фак\Объектно-ориентированное программирование\projects\CourseProject(2)\Debug\CourseProject(2).exe
D:\study\(1) Учёба\БарГУ Инж.Фак\Объектно-ориентированное программирование\projects\CourseProject(2)\Debug\CourseProject(2).ilk
